info Using message broker server at http://localhost:3380 
info Using locker server:localhost:3231 
Connection established to mongoDB
Blockchain monitor started
info Connected to Insight (zcl/livenet) @ http://explorer.zclassicblue.org:3001 --==zcl 
info Connected to Insight (rvn/livenet) @ https://ravencoin.network:443 --==rvn 
info Connected to Insight (zel/livenet) @ https://explorer2.zel.cash:443,https://explorer.zel.cash:443 --==zel 
info Connected to Insight (safe/livenet) @ https://explorer.safecoin.org:443 --==safe 
info Connected to Insight (btcz/livenet) @ https://explorer.btcz.rocks:443 --==btcz 
info Connected to Insight (bch/livenet) @ https://bch-insight.bitpay.com:443 --==bch 
info Connected to Insight (ltc/livenet) @ https://insight.litecore.io:443 --==ltc 
info Connected to Insight (btc/livenet) @ https://insight.bitpay.com:443 --==btc 
info New livenet block: 000000000001bf2572ee411887550738058dda8a31f410e81e47e81ff5a2809d --==rvn 
info New livenet block: 0000000bdac20bd5bd293653f1a3fc28b1087acff741acd769a074e70845edae --==zel 
info New livenet block: 00000015fc25654ec5302a1cd00828647405c31ac738f2cebd026fbca9c7a95d --==btcz 
info New livenet block: 00000075464fda6b34edadbe56f5268add3cf2f579314182ca4f5a02fc97376f --==zel 
info New livenet block: 000000003fe34335eb42c9719d5cea32623673bf6fe6b54b5ea4f14792fd2ef6 --==zcl 
info New livenet block: 00000009a49419527dc9dbecdea6731e41d576cd75251ab3e8bedec580984f97 --==zel 
info New livenet block: 000000181802901e6dde1d7856aaadf3274c377aad9080d1412dcbfca425e80d --==btcz 
info New livenet block: 000000000001cdae5e838c88a85e7ef8cd74b5b7408ae80c0b192c2bed718789 --==rvn 
info New livenet block: 00000067e3b0fcc29757e06c042405384e6ba717cd5325e4e918fd339144e6dc --==zel 
info New livenet block: 000000007a31925d9b2498ada26b19d506b459ead794be3087723e3e1350b0cb --==zcl 
info New livenet block: 66f65cdca23d766e6e0e442f82f19d73397030b4d350704bb689bc3e01f169c7 --==ltc 
info New livenet block: 0000002fb6d82f7a7b00a68117b5303420d127c0e9427c63dedfbc2494dae1dc --==zel 
info New livenet block: 00000361f0eba087fd25a3e27999eed3bc0f9004203d35121d5aab9f4015fe65 --==safe 
info New livenet block: 00000032e92eb337bedd093f4fc6cfc66bfe10e817d2c2368d3aa108257a10bb --==zel 
info New livenet block: 000003dea325af38cfb54a27c896e259e8518fab7e646985d7767737f67e61a3 --==safe 
info New livenet block: e2b80f420c44d15576b8efd8be286106e64b9bf3efc90d98bd937165d298eae6 --==ltc 
info New livenet block: 000001202b18e2e81d5f200533b267317fd40e1511b17294b8139ee92e870003 --==safe 
info New livenet block: 0000004211a53f223cc4608d712860356da59bfe28502a105c7d4a57b0b17fdf --==btcz 
info New livenet block: 0000000000000000001e56148a2f786a1045f21573027c3fa09e4198df2df0b1 --==btc 
info New livenet block: 0000061167d5f4a57c90e623dbd45843ebd1b80fcbd30713151a47bc019b6941 --==safe 
info New livenet block: 0000021072db4e20a6594f44bc14936505cf0573591101ee35d0e8ed2c967e7a --==safe 
info New livenet block: 0000065ca21d3aa91754d14e847f5e58cb4688af07e5351293c50599e35e74f5 --==safe 
info New livenet block: 00000000000057d9ba63b6873eb8c6bafb6e0a8cff023959249a51f0c3ae88d4 --==rvn 
